sbb-ml-android-main/sbbml/build/intermediates/manifest_merge_blame_file/debug/manifest-merger-blame-debug-report.txt
1<?xml version="1.0" encoding="utf-8"?>
2<manifest xmlns:android="http://schemas.android.com/apk/res/android"
3    package="ch.sbb.mobile.ml" >
4
5    <uses-sdk
6        android:minSdkVersion="25"
6-->src/main/AndroidManifest.xml
7        android:targetSdkVersion="31" />
7-->src/main/AndroidManifest.xml
8
9    <uses-permission android:name="android.permission.CAMERA" />
9-->src/main/AndroidManifest.xml:2:5-65
9-->src/main/AndroidManifest.xml:2:22-62
10
11    <uses-feature android:name="android.hardware.camera" />
11-->src/main/AndroidManifest.xml:3:5-60
11-->src/main/AndroidManifest.xml:3:19-57
12    <uses-feature android:name="android.hardware.camera.autofocus" />
12-->src/main/AndroidManifest.xml:4:5-70
12-->src/main/AndroidManifest.xml:4:19-67
13
14</manifest>